<?xml version="1.0" encoding="UTF-8"?>
<!-- Generated by org.testng.reporters.JUnitXMLReporter -->
<testsuite ignored="0" hostname="Mac-mini.local" failures="0" tests="20" name="Surefire test" time="9.267" errors="0" timestamp="14 Sep 2021 14:48:26 GMT">
  <testcase classname="portal.admin.dashboard.SummaryTabTest" name="@BeforeMethod pages" time="0.152">
    <failure type="java.lang.NullPointerException">
      <![CDATA[java.lang.NullPointerException
at java.base/java.util.Objects.requireNonNull(Objects.java:221)
at org.openqa.selenium.support.ui.FluentWait.<init>(FluentWait.java:106)
at org.openqa.selenium.support.ui.WebDriverWait.<init>(WebDriverWait.java:85)
at org.openqa.selenium.support.ui.WebDriverWait.<init>(WebDriverWait.java:45)
at utils.WaitUtils.<init>(WaitUtils.java:26)
at utils.ActionHelperUtils.<init>(ActionHelperUtils.java:35)
at base.BaseComponent.<init>(BaseComponent.java:19)
at portalPages.FeedPage.<init>(FeedPage.java:27)
at portal.admin.dashboard.SummaryTabTest.pages(SummaryTabTest.java:21)
... Removed 33 stack frames]]>
    </failure>
  </testcase> <!-- @BeforeMethod pages -->
  <testcase classname="portal.admin.dashboard.SummaryTabTest" name="@AfterMethod logOutIfNeed" time="0.0">
    <skipped/>
  </testcase> <!-- @AfterMethod logOutIfNeed -->
  <testcase classname="portal.admin.dashboard.SummaryTabTest" name="@AfterClass closeDriver" time="0.0">
    <skipped/>
  </testcase> <!-- @AfterClass closeDriver -->
  <testcase classname="portal.partners.surveys.newFullPageSurveyTest" name="@BeforeMethod loginPublisher" time="0.007">
    <failure type="java.lang.NullPointerException">
      <![CDATA[java.lang.NullPointerException
at java.base/java.util.Objects.requireNonNull(Objects.java:221)
at org.openqa.selenium.support.ui.FluentWait.<init>(FluentWait.java:106)
at org.openqa.selenium.support.ui.WebDriverWait.<init>(WebDriverWait.java:85)
at org.openqa.selenium.support.ui.WebDriverWait.<init>(WebDriverWait.java:45)
at utils.WaitUtils.<init>(WaitUtils.java:26)
at utils.ActionHelperUtils.<init>(ActionHelperUtils.java:35)
at base.BaseComponent.<init>(BaseComponent.java:19)
at portalPages.publisher.PublisherLoginPage.<init>(PublisherLoginPage.java:43)
at portal.partners.surveys.newFullPageSurveyTest.loginPublisher(newFullPageSurveyTest.java:35)
... Removed 33 stack frames]]>
    </failure>
  </testcase> <!-- @BeforeMethod loginPublisher -->
  <testcase classname="portal.partners.surveys.newFullPageSurveyTest" name="@AfterMethod logOutIfNeed" time="0.0">
    <skipped/>
  </testcase> <!-- @AfterMethod logOutIfNeed -->
  <testcase classname="portal.partners.surveys.newFullPageSurveyTest" name="@BeforeMethod loginPublisher" time="0.0">
    <skipped/>
  </testcase> <!-- @BeforeMethod loginPublisher -->
  <testcase classname="portal.partners.surveys.newFullPageSurveyTest" name="@AfterMethod logOutIfNeed" time="0.0">
    <skipped/>
  </testcase> <!-- @AfterMethod logOutIfNeed -->
  <testcase classname="portal.partners.surveys.newFullPageSurveyTest" name="@BeforeMethod loginPublisher" time="0.0">
    <skipped/>
  </testcase> <!-- @BeforeMethod loginPublisher -->
  <testcase classname="portal.partners.surveys.newFullPageSurveyTest" name="@AfterMethod logOutIfNeed" time="0.0">
    <skipped/>
  </testcase> <!-- @AfterMethod logOutIfNeed -->
  <testcase classname="portal.partners.surveys.newFullPageSurveyTest" name="@BeforeMethod loginPublisher" time="0.0">
    <skipped/>
  </testcase> <!-- @BeforeMethod loginPublisher -->
  <testcase classname="portal.partners.surveys.newFullPageSurveyTest" name="@AfterMethod logOutIfNeed" time="0.0">
    <skipped/>
  </testcase> <!-- @AfterMethod logOutIfNeed -->
  <testcase classname="portal.partners.surveys.newFullPageSurveyTest" name="@BeforeMethod loginPublisher" time="0.0">
    <skipped/>
  </testcase> <!-- @BeforeMethod loginPublisher -->
  <testcase classname="portal.partners.surveys.newFullPageSurveyTest" name="@AfterMethod logOutIfNeed" time="0.0">
    <skipped/>
  </testcase> <!-- @AfterMethod logOutIfNeed -->
  <testcase classname="portal.partners.surveys.newFullPageSurveyTest" name="@AfterClass closeDriver" time="0.0">
    <skipped/>
  </testcase> <!-- @AfterClass closeDriver -->
  <testcase classname="portal.partners.polls.NewPollsTest" name="@BeforeMethod openFeedPage" time="0.003">
    <failure type="java.lang.NullPointerException">
      <![CDATA[java.lang.NullPointerException
at java.base/java.util.Objects.requireNonNull(Objects.java:221)
at org.openqa.selenium.support.ui.FluentWait.<init>(FluentWait.java:106)
at org.openqa.selenium.support.ui.WebDriverWait.<init>(WebDriverWait.java:85)
at org.openqa.selenium.support.ui.WebDriverWait.<init>(WebDriverWait.java:45)
at utils.WaitUtils.<init>(WaitUtils.java:26)
at utils.ActionHelperUtils.<init>(ActionHelperUtils.java:35)
at base.BaseComponent.<init>(BaseComponent.java:19)
at portalPages.FeedPage.<init>(FeedPage.java:27)
at portal.partners.polls.NewPollsTest.openFeedPage(NewPollsTest.java:36)
... Removed 33 stack frames]]>
    </failure>
  </testcase> <!-- @BeforeMethod openFeedPage -->
  <testcase classname="portal.partners.polls.NewPollsTest" name="@AfterMethod logOutIfNeed" time="0.0">
    <skipped/>
  </testcase> <!-- @AfterMethod logOutIfNeed -->
  <testcase classname="portal.partners.polls.NewPollsTest" name="@AfterClass closeDriver" time="0.0">
    <skipped/>
  </testcase> <!-- @AfterClass closeDriver -->
  <testcase classname="portal.SignInTest" name="@BeforeMethod pagesDriver" time="0.001">
    <failure type="java.lang.NullPointerException">
      <![CDATA[java.lang.NullPointerException
at java.base/java.util.Objects.requireNonNull(Objects.java:221)
at org.openqa.selenium.support.ui.FluentWait.<init>(FluentWait.java:106)
at org.openqa.selenium.support.ui.WebDriverWait.<init>(WebDriverWait.java:85)
at org.openqa.selenium.support.ui.WebDriverWait.<init>(WebDriverWait.java:45)
at utils.WaitUtils.<init>(WaitUtils.java:26)
at utils.ActionHelperUtils.<init>(ActionHelperUtils.java:35)
at base.BaseComponent.<init>(BaseComponent.java:19)
at portalPages.FeedPage.<init>(FeedPage.java:27)
at portal.SignInTest.pagesDriver(SignInTest.java:41)
... Removed 33 stack frames]]>
    </failure>
  </testcase> <!-- @BeforeMethod pagesDriver -->
  <testcase classname="portal.SignInTest" name="@AfterMethod logOutIfNeed" time="0.0">
    <skipped/>
  </testcase> <!-- @AfterMethod logOutIfNeed -->
  <testcase classname="portal.SignInTest" name="@BeforeMethod pagesDriver" time="0.0">
    <skipped/>
  </testcase> <!-- @BeforeMethod pagesDriver -->
  <testcase classname="portal.SignInTest" name="@AfterMethod logOutIfNeed" time="0.0">
    <skipped/>
  </testcase> <!-- @AfterMethod logOutIfNeed -->
  <testcase classname="portal.SignInTest" name="@BeforeMethod pagesDriver" time="0.0">
    <skipped/>
  </testcase> <!-- @BeforeMethod pagesDriver -->
  <testcase classname="portal.SignInTest" name="@AfterMethod logOutIfNeed" time="0.0">
    <skipped/>
  </testcase> <!-- @AfterMethod logOutIfNeed -->
  <testcase classname="portal.SignInTest" name="@BeforeMethod pagesDriver" time="0.0">
    <skipped/>
  </testcase> <!-- @BeforeMethod pagesDriver -->
  <testcase classname="portal.SignInTest" name="@AfterMethod logOutIfNeed" time="0.0">
    <skipped/>
  </testcase> <!-- @AfterMethod logOutIfNeed -->
  <testcase classname="portal.SignInTest" name="@BeforeMethod pagesDriver" time="0.0">
    <skipped/>
  </testcase> <!-- @BeforeMethod pagesDriver -->
  <testcase classname="portal.SignInTest" name="@AfterMethod logOutIfNeed" time="0.0">
    <skipped/>
  </testcase> <!-- @AfterMethod logOutIfNeed -->
  <testcase classname="portal.SignInTest" name="@BeforeMethod pagesDriver" time="0.0">
    <skipped/>
  </testcase> <!-- @BeforeMethod pagesDriver -->
  <testcase classname="portal.SignInTest" name="@AfterMethod logOutIfNeed" time="0.0">
    <skipped/>
  </testcase> <!-- @AfterMethod logOutIfNeed -->
  <testcase classname="portal.SignInTest" name="@BeforeMethod pagesDriver" time="0.0">
    <skipped/>
  </testcase> <!-- @BeforeMethod pagesDriver -->
  <testcase classname="portal.SignInTest" name="@AfterMethod logOutIfNeed" time="0.0">
    <skipped/>
  </testcase> <!-- @AfterMethod logOutIfNeed -->
  <testcase classname="portal.SignInTest" name="@BeforeMethod pagesDriver" time="0.0">
    <skipped/>
  </testcase> <!-- @BeforeMethod pagesDriver -->
  <testcase classname="portal.SignInTest" name="@AfterMethod logOutIfNeed" time="0.0">
    <skipped/>
  </testcase> <!-- @AfterMethod logOutIfNeed -->
  <testcase classname="portal.SignInTest" name="@AfterClass closeDriver" time="0.0">
    <skipped/>
  </testcase> <!-- @AfterClass closeDriver -->
  <testcase classname="portal.partners.polls.pollerWidgets.NewWidgetTest" name="@BeforeMethod pagesDriver" time="0.001">
    <failure type="java.lang.NullPointerException">
      <![CDATA[java.lang.NullPointerException
at java.base/java.util.Objects.requireNonNull(Objects.java:221)
at org.openqa.selenium.support.ui.FluentWait.<init>(FluentWait.java:106)
at org.openqa.selenium.support.ui.WebDriverWait.<init>(WebDriverWait.java:85)
at org.openqa.selenium.support.ui.WebDriverWait.<init>(WebDriverWait.java:45)
at utils.WaitUtils.<init>(WaitUtils.java:26)
at utils.ActionHelperUtils.<init>(ActionHelperUtils.java:35)
at base.BaseComponent.<init>(BaseComponent.java:19)
at portalPages.FeedPage.<init>(FeedPage.java:27)
at portal.partners.polls.pollerWidgets.NewWidgetTest.pagesDriver(NewWidgetTest.java:35)
... Removed 33 stack frames]]>
    </failure>
  </testcase> <!-- @BeforeMethod pagesDriver -->
  <testcase classname="portal.partners.polls.pollerWidgets.NewWidgetTest" name="@AfterMethod logOutIfNeed" time="0.0">
    <skipped/>
  </testcase> <!-- @AfterMethod logOutIfNeed -->
  <testcase classname="portal.partners.polls.pollerWidgets.NewWidgetTest" name="@AfterClass closeDriver" time="0.0">
    <skipped/>
  </testcase> <!-- @AfterClass closeDriver -->
  <testcase classname="portal.SignUpTest" name="@BeforeMethod openFeedPage" time="0.0">
    <failure type="java.lang.NullPointerException">
      <![CDATA[java.lang.NullPointerException
at java.base/java.util.Objects.requireNonNull(Objects.java:221)
at org.openqa.selenium.support.ui.FluentWait.<init>(FluentWait.java:106)
at org.openqa.selenium.support.ui.WebDriverWait.<init>(WebDriverWait.java:85)
at org.openqa.selenium.support.ui.WebDriverWait.<init>(WebDriverWait.java:45)
at utils.WaitUtils.<init>(WaitUtils.java:26)
at utils.ActionHelperUtils.<init>(ActionHelperUtils.java:35)
at base.BaseComponent.<init>(BaseComponent.java:19)
at portalPages.FeedPage.<init>(FeedPage.java:27)
at portal.SignUpTest.openFeedPage(SignUpTest.java:36)
... Removed 33 stack frames]]>
    </failure>
  </testcase> <!-- @BeforeMethod openFeedPage -->
  <testcase classname="portal.SignUpTest" name="@AfterMethod logOutIfNeed" time="0.0">
    <skipped/>
  </testcase> <!-- @AfterMethod logOutIfNeed -->
  <testcase classname="portal.SignUpTest" name="@AfterClass closeDriver" time="0.0">
    <skipped/>
  </testcase> <!-- @AfterClass closeDriver -->
  <testcase classname="ico.SignUpMemberFromWidgetTest" name="@BeforeMethod pagesDriver" time="0.001">
    <failure type="java.lang.NullPointerException">
      <![CDATA[java.lang.NullPointerException
at java.base/java.util.Objects.requireNonNull(Objects.java:221)
at org.openqa.selenium.support.ui.FluentWait.<init>(FluentWait.java:106)
at org.openqa.selenium.support.ui.WebDriverWait.<init>(WebDriverWait.java:85)
at org.openqa.selenium.support.ui.WebDriverWait.<init>(WebDriverWait.java:45)
at utils.WaitUtils.<init>(WaitUtils.java:26)
at utils.ActionHelperUtils.<init>(ActionHelperUtils.java:35)
at base.BaseComponent.<init>(BaseComponent.java:19)
at portalPages.FeedPage.<init>(FeedPage.java:27)
at ico.SignUpMemberFromWidgetTest.pagesDriver(SignUpMemberFromWidgetTest.java:41)
... Removed 33 stack frames]]>
    </failure>
  </testcase> <!-- @BeforeMethod pagesDriver -->
  <testcase classname="ico.SignUpMemberFromWidgetTest" name="@AfterMethod logOutIfNeed" time="0.0">
    <skipped/>
  </testcase> <!-- @AfterMethod logOutIfNeed -->
  <testcase classname="ico.SignUpMemberFromWidgetTest" name="@AfterClass closeDriver" time="0.0">
    <skipped/>
  </testcase> <!-- @AfterClass closeDriver -->
  <testcase classname="widgets.pollsWidget.PollsWidgetVotingTest" name="@BeforeMethod loginPublisher" time="0.002">
    <failure type="java.lang.NullPointerException">
      <![CDATA[java.lang.NullPointerException
at java.base/java.util.Objects.requireNonNull(Objects.java:221)
at org.openqa.selenium.support.ui.FluentWait.<init>(FluentWait.java:106)
at org.openqa.selenium.support.ui.WebDriverWait.<init>(WebDriverWait.java:85)
at org.openqa.selenium.support.ui.WebDriverWait.<init>(WebDriverWait.java:45)
at utils.WaitUtils.<init>(WaitUtils.java:26)
at utils.ActionHelperUtils.<init>(ActionHelperUtils.java:35)
at base.BaseComponent.<init>(BaseComponent.java:19)
at portalPages.publisher.PublisherLoginPage.<init>(PublisherLoginPage.java:43)
at widgets.pollsWidget.PollsWidgetVotingTest.loginPublisher(PollsWidgetVotingTest.java:35)
... Removed 33 stack frames]]>
    </failure>
  </testcase> <!-- @BeforeMethod loginPublisher -->
  <testcase classname="widgets.pollsWidget.PollsWidgetVotingTest" name="@AfterMethod logOutIfNeed" time="0.0">
    <skipped/>
  </testcase> <!-- @AfterMethod logOutIfNeed -->
  <testcase classname="widgets.pollsWidget.PollsWidgetVotingTest" name="@AfterClass closeDriver" time="0.0">
    <skipped/>
  </testcase> <!-- @AfterClass closeDriver -->
  <testcase classname="portal.admin.dashboard.SummaryTabTest" name="openAdminDashboardSummeryTab" time="0.0">
    <skipped/>
  </testcase> <!-- openAdminDashboardSummeryTab -->
  <testcase classname="portal.partners.surveys.newFullPageSurveyTest" name="checkDisplayLanguageModal" time="0.001">
    <skipped/>
  </testcase> <!-- checkDisplayLanguageModal -->
  <testcase classname="portal.partners.surveys.newFullPageSurveyTest" name="checkErrorByCorrectFillingNumberOfParticipants" time="0.0">
    <skipped/>
  </testcase> <!-- checkErrorByCorrectFillingNumberOfParticipants -->
  <testcase classname="portal.partners.surveys.newFullPageSurveyTest" name="checkErrorByRequiredCategory" time="0.0">
    <skipped/>
  </testcase> <!-- checkErrorByRequiredCategory -->
  <testcase classname="portal.partners.surveys.newFullPageSurveyTest" name="createDefaultContentSurvey" time="0.0">
    <skipped/>
  </testcase> <!-- createDefaultContentSurvey -->
  <testcase classname="portal.partners.surveys.newFullPageSurveyTest" name="createEmptySurvey" time="0.0">
    <skipped/>
  </testcase> <!-- createEmptySurvey -->
  <testcase classname="portal.partners.polls.NewPollsTest" name="addNewPoll" time="0.0">
    <skipped/>
  </testcase> <!-- addNewPoll -->
  <testcase classname="portal.SignInTest" name="emptySignInErrorVerification" time="0.0">
    <skipped/>
  </testcase> <!-- emptySignInErrorVerification -->
  <testcase classname="portal.SignInTest" name="publisherSignInFromWelcomePage" time="0.0">
    <skipped/>
  </testcase> <!-- publisherSignInFromWelcomePage -->
  <testcase classname="portal.SignInTest" name="recoveryPasswordMailSentSuccess" time="0.0">
    <skipped/>
  </testcase> <!-- recoveryPasswordMailSentSuccess -->
  <testcase classname="portal.SignInTest" name="recoveryPasswordSuccess" time="0.0">
    <skipped/>
  </testcase> <!-- recoveryPasswordSuccess -->
  <testcase classname="portal.SignInTest" name="signInErrorTextVerification" time="0.0">
    <skipped/>
  </testcase> <!-- signInErrorTextVerification -->
  <testcase classname="portal.SignInTest" name="signInMemberWithError" time="0.0">
    <skipped/>
  </testcase> <!-- signInMemberWithError -->
  <testcase classname="portal.SignInTest" name="signInNotRegisteredMemberWithError" time="0.0">
    <skipped/>
  </testcase> <!-- signInNotRegisteredMemberWithError -->
  <testcase classname="portal.SignInTest" name="signInPublisher" time="0.0">
    <skipped/>
  </testcase> <!-- signInPublisher -->
  <testcase classname="portal.partners.polls.pollerWidgets.NewWidgetTest" name="addNewWidget" time="0.0">
    <skipped/>
  </testcase> <!-- addNewWidget -->
  <testcase classname="portal.SignUpTest" name="signUpMember" time="0.0">
    <skipped/>
  </testcase> <!-- signUpMember -->
  <testcase classname="apiTests.portal.PurtnerDashBoardTest" name="valueScorePartner" time="8.012"/>
  <testcase classname="ico.SignUpMemberFromWidgetTest" name="signUpMemberAfterVote" time="0.0">
    <skipped/>
  </testcase> <!-- signUpMemberAfterVote -->
  <testcase classname="widgets.pollsWidget.PollsWidgetVotingTest" name="votingPollerWidgetByAnonimToSynthetic" time="0.0">
    <skipped/>
  </testcase> <!-- votingPollerWidgetByAnonimToSynthetic -->
</testsuite> <!-- Surefire test -->
